This file contains any messages produced by compilers while
running configure, to aid debugging if configure makes a mistake.

It was created by ISAX 2+ configure 2.0, which was
generated by GNU Autoconf 2.69.  Invocation command line was

  $ ./configure --no-create --no-recursion

## --------- ##
## Platform. ##
## --------- ##

hostname = erato
uname -m = x86_64
uname -r = 4.15.0-65-generic
uname -s = Linux
uname -v = #74~16.04.1-Ubuntu SMP Wed Sep 18 09:51:44 UTC 2019

/usr/bin/uname -p = unknown
/bin/uname -X     = unknown

/bin/arch              = unknown
/usr/bin/arch -k       = unknown
/usr/convex/getsysinfo = unknown
/usr/bin/hostinfo      = unknown
/bin/machine           = unknown
/usr/bin/oslevel       = unknown
/bin/universe          = unknown

PATH: /opt/anaconda2/bin
PATH: /home/karimae/torch/install/bin
PATH: /home/karimae/bin
PATH: /home/karimae/.local/bin
PATH: /home/karimae/torch/install/bin
PATH: /home/karimae/bin
PATH: /home/karimae/.local/bin
PATH: /usr/local/sbin
PATH: /usr/local/bin
PATH: /usr/sbin
PATH: /usr/bin
PATH: /sbin
PATH: /bin
PATH: /usr/games
PATH: /usr/local/games
PATH: /snap/bin
PATH: /usr/lib/jvm/java-8-oracle/bin
PATH: /usr/lib/jvm/java-8-oracle/db/bin
PATH: /usr/lib/jvm/java-8-oracle/jre/bin
PATH: /usr/lib/jvm/java-8-oracle/bin
PATH: /usr/lib/jvm/java-8-oracle/db/bin
PATH: /usr/lib/jvm/java-8-oracle/jre/bin
PATH: /home/karimae/local/bin
PATH: /home/karimae/local/include
PATH: /home/karimae/projects/dsseval_full_compact_journal/code/faiss-proj
PATH: /opt/intel/compilers_and_libraries/linux/bin/intel64
PATH: /home/karimae/local/usr/local


## ----------- ##
## Core tests. ##
## ----------- ##

configure:2102: checking for a BSD-compatible install
configure:2170: result: /usr/bin/install -c
configure:2181: checking whether build environment is sane
configure:2236: result: yes
configure:2274: WARNING: 'missing' script is too old or missing
configure:2387: checking for a thread-safe mkdir -p
configure:2426: result: /bin/mkdir -p
configure:2433: checking for gawk
configure:2449: found /usr/bin/gawk
configure:2460: result: gawk
configure:2471: checking whether make sets $(MAKE)
configure:2493: result: yes
configure:2522: checking whether make supports nested variables
configure:2539: result: yes
configure:2706: checking for gcc
configure:2722: found /usr/bin/gcc
configure:2733: result: gcc
configure:2962: checking for C compiler version
configure:2971: gcc --version >&5
gcc (Ubuntu 6.2.0-3ubuntu11~16.04) 6.2.0 20160901
Copyright (C) 2016 Free Software Foundation, Inc.
This is free software; see the source for copying conditions.  There is NO
warranty; not even for MERCHANTABILITY or FITNESS FOR A PARTICULAR PURPOSE.

configure:2982: $? = 0
configure:2971: gcc -v >&5
Using built-in specs.
COLLECT_GCC=gcc
COLLECT_LTO_WRAPPER=/usr/lib/gcc/x86_64-linux-gnu/6/lto-wrapper
Target: x86_64-linux-gnu
Configured with: ../src/configure -v --with-pkgversion='Ubuntu 6.2.0-3ubuntu11~16.04' --with-bugurl=file:///usr/share/doc/gcc-6/README.Bugs --enable-languages=c,ada,c++,java,go,d,fortran,objc,obj-c++ --prefix=/usr --program-suffix=-6 --enable-shared --enable-linker-build-id --libexecdir=/usr/lib --without-included-gettext --enable-threads=posix --libdir=/usr/lib --enable-nls --with-sysroot=/ --enable-clocale=gnu --enable-libstdcxx-debug --enable-libstdcxx-time=yes --with-default-libstdcxx-abi=new --enable-gnu-unique-object --disable-vtable-verify --enable-libmpx --enable-plugin --with-system-zlib --disable-browser-plugin --enable-java-awt=gtk --enable-gtk-cairo --with-java-home=/usr/lib/jvm/java-1.5.0-gcj-6-amd64/jre --enable-java-home --with-jvm-root-dir=/usr/lib/jvm/java-1.5.0-gcj-6-amd64 --with-jvm-jar-dir=/usr/lib/jvm-exports/java-1.5.0-gcj-6-amd64 --with-arch-directory=amd64 --with-ecj-jar=/usr/share/java/eclipse-ecj.jar --enable-objc-gc --enable-multiarch --disable-werror --with-arch-32=i686 --with-abi=m64 --with-multilib-list=m32,m64,mx32 --enable-multilib --with-tune=generic --enable-checking=release --build=x86_64-linux-gnu --host=x86_64-linux-gnu --target=x86_64-linux-gnu
Thread model: posix
gcc version 6.2.0 20160901 (Ubuntu 6.2.0-3ubuntu11~16.04) 
configure:2982: $? = 0
configure:2971: gcc -V >&5
gcc: error: unrecognized command line option '-V'
gcc: fatal error: no input files
compilation terminated.
configure:2982: $? = 1
configure:2971: gcc -qversion >&5
gcc: error: unrecognized command line option '-qversion'; did you mean '--version'?
gcc: fatal error: no input files
compilation terminated.
configure:2982: $? = 1
configure:3002: checking whether the C compiler works
configure:3024: gcc    conftest.c  >&5
configure:3028: $? = 0
configure:3076: result: yes
configure:3079: checking for C compiler default output file name
configure:3081: result: a.out
configure:3087: checking for suffix of executables
configure:3094: gcc -o conftest    conftest.c  >&5
configure:3098: $? = 0
configure:3120: result: 
configure:3142: checking whether we are cross compiling
configure:3150: gcc -o conftest    conftest.c  >&5
configure:3154: $? = 0
configure:3161: ./conftest
configure:3165: $? = 0
configure:3180: result: no
configure:3185: checking for suffix of object files
configure:3207: gcc -c   conftest.c >&5
configure:3211: $? = 0
configure:3232: result: o
configure:3236: checking whether we are using the GNU C compiler
configure:3255: gcc -c   conftest.c >&5
configure:3255: $? = 0
configure:3264: result: yes
configure:3273: checking whether gcc accepts -g
configure:3293: gcc -c -g  conftest.c >&5
configure:3293: $? = 0
configure:3334: result: yes
configure:3351: checking for gcc option to accept ISO C89
configure:3414: gcc  -c -g -O2  conftest.c >&5
configure:3414: $? = 0
configure:3427: result: none needed
configure:3452: checking whether gcc understands -c and -o together
configure:3474: gcc -c conftest.c -o conftest2.o
configure:3477: $? = 0
configure:3474: gcc -c conftest.c -o conftest2.o
configure:3477: $? = 0
configure:3489: result: yes
configure:3517: checking for style of include used by make
configure:3545: result: GNU
configure:3571: checking dependency style of gcc
configure:3682: result: gcc3
configure:3740: checking for ranlib
configure:3756: found /usr/bin/ranlib
configure:3767: result: ranlib
configure:3796: checking how to run the C preprocessor
configure:3827: gcc -E  conftest.c
configure:3827: $? = 0
configure:3841: gcc -E  conftest.c
conftest.c:9:28: fatal error: ac_nonexistent.h: No such file or directory
 #include <ac_nonexistent.h>
                            ^
compilation terminated.
configure:3841: $? = 1
configure: failed program was:
| /* confdefs.h */
| #define PACKAGE_NAME "ISAX 2+"
| #define PACKAGE_TARNAME "libisax2plus"
| #define PACKAGE_VERSION "2.0"
| #define PACKAGE_STRING "ISAX 2+ 2.0"
| #define PACKAGE_BUGREPORT "zoumpatianos@disi.unitn.eu, karima.echihabi@ifnilink.com"
| #define PACKAGE_URL "http://"
| /* end confdefs.h.  */
| #include <ac_nonexistent.h>
configure:3866: result: gcc -E
configure:3886: gcc -E  conftest.c
configure:3886: $? = 0
configure:3900: gcc -E  conftest.c
conftest.c:9:28: fatal error: ac_nonexistent.h: No such file or directory
 #include <ac_nonexistent.h>
                            ^
compilation terminated.
configure:3900: $? = 1
configure: failed program was:
| /* confdefs.h */
| #define PACKAGE_NAME "ISAX 2+"
| #define PACKAGE_TARNAME "libisax2plus"
| #define PACKAGE_VERSION "2.0"
| #define PACKAGE_STRING "ISAX 2+ 2.0"
| #define PACKAGE_BUGREPORT "zoumpatianos@disi.unitn.eu, karima.echihabi@ifnilink.com"
| #define PACKAGE_URL "http://"
| /* end confdefs.h.  */
| #include <ac_nonexistent.h>
configure:3929: checking for grep that handles long lines and -e
configure:3987: result: /bin/grep
configure:3992: checking for egrep
configure:4054: result: /bin/grep -E
configure:4059: checking for ANSI C header files
configure:4079: gcc -c -g -O2  conftest.c >&5
configure:4079: $? = 0
configure:4152: gcc -o conftest -g -O2   conftest.c  >&5
configure:4152: $? = 0
configure:4152: ./conftest
configure:4152: $? = 0
configure:4163: result: yes
configure:4176: checking for sys/types.h
configure:4176: gcc -c -g -O2  conftest.c >&5
configure:4176: $? = 0
configure:4176: result: yes
configure:4176: checking for sys/stat.h
configure:4176: gcc -c -g -O2  conftest.c >&5
configure:4176: $? = 0
configure:4176: result: yes
configure:4176: checking for stdlib.h
configure:4176: gcc -c -g -O2  conftest.c >&5
configure:4176: $? = 0
configure:4176: result: yes
configure:4176: checking for string.h
configure:4176: gcc -c -g -O2  conftest.c >&5
configure:4176: $? = 0
configure:4176: result: yes
configure:4176: checking for memory.h
configure:4176: gcc -c -g -O2  conftest.c >&5
configure:4176: $? = 0
configure:4176: result: yes
configure:4176: checking for strings.h
configure:4176: gcc -c -g -O2  conftest.c >&5
configure:4176: $? = 0
configure:4176: result: yes
configure:4176: checking for inttypes.h
configure:4176: gcc -c -g -O2  conftest.c >&5
configure:4176: $? = 0
configure:4176: result: yes
configure:4176: checking for stdint.h
configure:4176: gcc -c -g -O2  conftest.c >&5
configure:4176: $? = 0
configure:4176: result: yes
configure:4176: checking for unistd.h
configure:4176: gcc -c -g -O2  conftest.c >&5
configure:4176: $? = 0
configure:4176: result: yes
configure:4188: checking values.h usability
configure:4188: gcc -c -g -O2  conftest.c >&5
configure:4188: $? = 0
configure:4188: result: yes
configure:4188: checking values.h presence
configure:4188: gcc -E  conftest.c
configure:4188: $? = 0
configure:4188: result: yes
configure:4188: checking for values.h
configure:4188: result: yes
configure:4379: checking that generated files are newer than configure
configure:4385: result: done
configure:4408: creating ./config.status

## ---------------- ##
## Cache variables. ##
## ---------------- ##

ac_cv_c_compiler_gnu=yes
ac_cv_env_CC_set=
ac_cv_env_CC_value=
ac_cv_env_CFLAGS_set=
ac_cv_env_CFLAGS_value=
ac_cv_env_CPPFLAGS_set=
ac_cv_env_CPPFLAGS_value=
ac_cv_env_CPP_set=
ac_cv_env_CPP_value=
ac_cv_env_LDFLAGS_set=
ac_cv_env_LDFLAGS_value=
ac_cv_env_LIBS_set=
ac_cv_env_LIBS_value=
ac_cv_env_build_alias_set=
ac_cv_env_build_alias_value=
ac_cv_env_host_alias_set=
ac_cv_env_host_alias_value=
ac_cv_env_target_alias_set=
ac_cv_env_target_alias_value=
ac_cv_header_inttypes_h=yes
ac_cv_header_memory_h=yes
ac_cv_header_stdc=yes
ac_cv_header_stdint_h=yes
ac_cv_header_stdlib_h=yes
ac_cv_header_string_h=yes
ac_cv_header_strings_h=yes
ac_cv_header_sys_stat_h=yes
ac_cv_header_sys_types_h=yes
ac_cv_header_unistd_h=yes
ac_cv_header_values_h=yes
ac_cv_objext=o
ac_cv_path_EGREP='/bin/grep -E'
ac_cv_path_GREP=/bin/grep
ac_cv_path_install='/usr/bin/install -c'
ac_cv_path_mkdir=/bin/mkdir
ac_cv_prog_AWK=gawk
ac_cv_prog_CPP='gcc -E'
ac_cv_prog_ac_ct_CC=gcc
ac_cv_prog_ac_ct_RANLIB=ranlib
ac_cv_prog_cc_c89=
ac_cv_prog_cc_g=yes
ac_cv_prog_make_make_set=yes
am_cv_CC_dependencies_compiler_type=gcc3
am_cv_make_support_nested_variables=yes
am_cv_prog_cc_c_o=yes

## ----------------- ##
## Output variables. ##
## ----------------- ##

ACLOCAL='aclocal-1.15'
AMDEPBACKSLASH='\'
AMDEP_FALSE='#'
AMDEP_TRUE=''
AMTAR='$${TAR-tar}'
AM_BACKSLASH='\'
AM_DEFAULT_V='$(AM_DEFAULT_VERBOSITY)'
AM_DEFAULT_VERBOSITY='1'
AM_V='$(V)'
AUTOCONF='autoconf'
AUTOHEADER='autoheader'
AUTOMAKE='automake-1.15'
AWK='gawk'
CC='gcc'
CCDEPMODE='depmode=gcc3'
CFLAGS='-g -O2'
CPP='gcc -E'
CPPFLAGS=''
CYGPATH_W='echo'
DEFS='-DHAVE_CONFIG_H'
DEPDIR='.deps'
ECHO_C=''
ECHO_N='-n'
ECHO_T=''
EGREP='/bin/grep -E'
EXEEXT=''
GREP='/bin/grep'
INSTALL_DATA='${INSTALL} -m 644'
INSTALL_PROGRAM='${INSTALL}'
INSTALL_SCRIPT='${INSTALL}'
INSTALL_STRIP_PROGRAM='$(install_sh) -c -s'
LDFLAGS=''
LIBOBJS=''
LIBS=''
LTLIBOBJS=''
MAKEINFO='makeinfo'
MKDIR_P='/bin/mkdir -p'
OBJEXT='o'
PACKAGE='libisax2plus'
PACKAGE_BUGREPORT='zoumpatianos@disi.unitn.eu, karima.echihabi@ifnilink.com'
PACKAGE_NAME='ISAX 2+'
PACKAGE_STRING='ISAX 2+ 2.0'
PACKAGE_TARNAME='libisax2plus'
PACKAGE_URL='http://'
PACKAGE_VERSION='2.0'
PATH_SEPARATOR=':'
RANLIB='ranlib'
SET_MAKE=''
SHELL='/bin/bash'
STRIP=''
VERSION='2.0'
ac_ct_CC='gcc'
am__EXEEXT_FALSE=''
am__EXEEXT_TRUE='#'
am__fastdepCC_FALSE='#'
am__fastdepCC_TRUE=''
am__include='include'
am__isrc=''
am__leading_dot='.'
am__nodep='_no'
am__quote=''
am__tar='$${TAR-tar} chof - "$$tardir"'
am__untar='$${TAR-tar} xf -'
bindir='${exec_prefix}/bin'
build_alias=''
datadir='${datarootdir}'
datarootdir='${prefix}/share'
docdir='${datarootdir}/doc/${PACKAGE_TARNAME}'
dvidir='${docdir}'
exec_prefix='${prefix}'
host_alias=''
htmldir='${docdir}'
includedir='${prefix}/include'
infodir='${datarootdir}/info'
install_sh='${SHELL} /home/karimae/projects/lernaean-hydra/hydra2/code/isax2plus/src/isax2plus/install-sh'
libdir='${exec_prefix}/lib'
libexecdir='${exec_prefix}/libexec'
localedir='${datarootdir}/locale'
localstatedir='${prefix}/var'
mandir='${datarootdir}/man'
mkdir_p='$(MKDIR_P)'
oldincludedir='/usr/include'
pdfdir='${docdir}'
prefix='/usr/local'
program_transform_name='s,x,x,'
psdir='${docdir}'
runstatedir='${localstatedir}/run'
sbindir='${exec_prefix}/sbin'
sharedstatedir='${prefix}/com'
sysconfdir='${prefix}/etc'
target_alias=''

## ----------- ##
## confdefs.h. ##
## ----------- ##

/* confdefs.h */
#define PACKAGE_NAME "ISAX 2+"
#define PACKAGE_TARNAME "libisax2plus"
#define PACKAGE_VERSION "2.0"
#define PACKAGE_STRING "ISAX 2+ 2.0"
#define PACKAGE_BUGREPORT "zoumpatianos@disi.unitn.eu, karima.echihabi@ifnilink.com"
#define PACKAGE_URL "http://"
#define STDC_HEADERS 1
#define HAVE_SYS_TYPES_H 1
#define HAVE_SYS_STAT_H 1
#define HAVE_STDLIB_H 1
#define HAVE_STRING_H 1
#define HAVE_MEMORY_H 1
#define HAVE_STRINGS_H 1
#define HAVE_INTTYPES_H 1
#define HAVE_STDINT_H 1
#define HAVE_UNISTD_H 1
#define VALUES /**/
#define BENCHMARK /**/
#define VERBOSE 0

configure: exit 0

## ---------------------- ##
## Running config.status. ##
## ---------------------- ##

This file was extended by ISAX 2+ config.status 2.0, which was
generated by GNU Autoconf 2.69.  Invocation command line was

  CONFIG_FILES    = 
  CONFIG_HEADERS  = 
  CONFIG_LINKS    = 
  CONFIG_COMMANDS = 
  $ ./config.status 

on erato

config.status:856: creating Makefile
config.status:856: creating config.h
config.status:1037: config.h is unchanged
config.status:1085: executing depfiles commands

## ---------------------- ##
## Running config.status. ##
## ---------------------- ##

This file was extended by ISAX 2+ config.status 2.0, which was
generated by GNU Autoconf 2.69.  Invocation command line was

  CONFIG_FILES    = 
  CONFIG_HEADERS  = 
  CONFIG_LINKS    = 
  CONFIG_COMMANDS = 
  $ ./config.status config.h

on erato

config.status:856: creating config.h
config.status:1037: config.h is unchanged
