Index_building_input_time_secs	0.297555	/home/karima/Work/Research/Data/data_size1M_seed1184_len256_znorm.bin	-1
Index_building_output_time_secs	1.681295	/home/karima/Work/Research/Data/data_size1M_seed1184_len256_znorm.bin	-1
Index_building_cpu_time_secs	1.599102	/home/karima/Work/Research/Data/data_size1M_seed1184_len256_znorm.bin	-1
Index_building_total_time_secs	3.577952	/home/karima/Work/Research/Data/data_size1M_seed1184_len256_znorm.bin	-1
Index_building_seq_input_count	1180126	/home/karima/Work/Research/Data/data_size1M_seed1184_len256_znorm.bin	-1
Index_building_seq_output_count	2134991	/home/karima/Work/Research/Data/data_size1M_seed1184_len256_znorm.bin	-1
Index_building_rand_input_count	1935	/home/karima/Work/Research/Data/data_size1M_seed1184_len256_znorm.bin	-1
Index_building_rand_output_count	74596	/home/karima/Work/Research/Data/data_size1M_seed1184_len256_znorm.bin	-1
Index_writing_input_time_secs	0.000000	/home/karima/Work/Research/Data/data_size1M_seed1184_len256_znorm.bin	-1
Index_writing_output_time_secs	0.014686	/home/karima/Work/Research/Data/data_size1M_seed1184_len256_znorm.bin	-1
Index_writing_cpu_time_secs	0.003770	/home/karima/Work/Research/Data/data_size1M_seed1184_len256_znorm.bin	-1
Index_writing_total_time_secs	0.018456	/home/karima/Work/Research/Data/data_size1M_seed1184_len256_znorm.bin	-1
Index_writing_seq_input_count	0	/home/karima/Work/Research/Data/data_size1M_seed1184_len256_znorm.bin	-1
Index_writing_seq_output_count	297827	/home/karima/Work/Research/Data/data_size1M_seed1184_len256_znorm.bin	-1
Index_writing_rand_input_count	0	/home/karima/Work/Research/Data/data_size1M_seed1184_len256_znorm.bin	-1
Index_writing_rand_output_count	1	/home/karima/Work/Research/Data/data_size1M_seed1184_len256_znorm.bin	-1
Index_reading_input_time_secs	0.000000	/home/karima/Work/Research/Data/data_size1M_seed1184_len256_znorm.bin	-1
Index_reading_output_time_secs	0.000000	/home/karima/Work/Research/Data/data_size1M_seed1184_len256_znorm.bin	-1
Index_reading_cpu_time_secs	0.000000	/home/karima/Work/Research/Data/data_size1M_seed1184_len256_znorm.bin	-1
Index_reading_total_time_secs	0.000000	/home/karima/Work/Research/Data/data_size1M_seed1184_len256_znorm.bin	-1
Index_reading_seq_input_count	0	/home/karima/Work/Research/Data/data_size1M_seed1184_len256_znorm.bin	-1
Index_reading_seq_output_count	0	/home/karima/Work/Research/Data/data_size1M_seed1184_len256_znorm.bin	-1
Index_reading_rand_input_count	0	/home/karima/Work/Research/Data/data_size1M_seed1184_len256_znorm.bin	-1
Index_reading_rand_output_count	0	/home/karima/Work/Research/Data/data_size1M_seed1184_len256_znorm.bin	-1
Index_total_input_time_secs	0.297555	/home/karima/Work/Research/Data/data_size1M_seed1184_len256_znorm.bin	-1
Index_total_output_time_secs	1.695981	/home/karima/Work/Research/Data/data_size1M_seed1184_len256_znorm.bin	-1
Index_total_cpu_time_secs	1.602872	/home/karima/Work/Research/Data/data_size1M_seed1184_len256_znorm.bin	-1
Index_total_time_secs	3.596408	/home/karima/Work/Research/Data/data_size1M_seed1184_len256_znorm.bin	-1
Index_total_seq_input_count	1180126	/home/karima/Work/Research/Data/data_size1M_seed1184_len256_znorm.bin	-1
Index_total_seq_output_count	2432818	/home/karima/Work/Research/Data/data_size1M_seed1184_len256_znorm.bin	-1
Index_total_rand_input_count	1935	/home/karima/Work/Research/Data/data_size1M_seed1184_len256_znorm.bin	-1
Index_total_rand_output_count	74597	/home/karima/Work/Research/Data/data_size1M_seed1184_len256_znorm.bin	-1
Internal_nodes_count	926	/home/karima/Work/Research/Data/data_size1M_seed1184_len256_znorm.bin	-1
Leaf_nodes_count	29227	/home/karima/Work/Research/Data/data_size1M_seed1184_len256_znorm.bin	-1
Empty_leaf_nodes_count	0	/home/karima/Work/Research/Data/data_size1M_seed1184_len256_znorm.bin	-1
Total_nodes_count	30153	/home/karima/Work/Research/Data/data_size1M_seed1184_len256_znorm.bin	-1
Index_size_MB	7.256533	/home/karima/Work/Research/Data/data_size1M_seed1184_len256_znorm.bin	-1
Minimum_fill_factor	0.100000	/home/karima/Work/Research/Data/data_size1M_seed1184_len256_znorm.bin	-1
Maximum_fill_factor	99.800000	/home/karima/Work/Research/Data/data_size1M_seed1184_len256_znorm.bin	-1
Average_fill_factor	3.421494	/home/karima/Work/Research/Data/data_size1M_seed1184_len256_znorm.bin	-1
SD_fill_factor	12.106999	/home/karima/Work/Research/Data/data_size1M_seed1184_len256_znorm.bin	-1
Minimum_height	1	/home/karima/Work/Research/Data/data_size1M_seed1184_len256_znorm.bin	-1
Maximum_height	15	/home/karima/Work/Research/Data/data_size1M_seed1184_len256_znorm.bin	-1
Average_height	1.207343	/home/karima/Work/Research/Data/data_size1M_seed1184_len256_znorm.bin	-1
SD_height	1.271680	/home/karima/Work/Research/Data/data_size1M_seed1184_len256_znorm.bin	-1
Total_ts_count	1000000	/home/karima/Work/Research/Data/data_size1M_seed1184_len256_znorm.bin	-1

