This file contains any messages produced by compilers while
running configure, to aid debugging if configure makes a mistake.

It was created by spatialindex configure 1.8.4, which was
generated by GNU Autoconf 2.69.  Invocation command line was

  $ ./configure 

## --------- ##
## Platform. ##
## --------- ##

hostname = IFNILINK
uname -m = x86_64
uname -r = 4.15.0-58-generic
uname -s = Linux
uname -v = #64-Ubuntu SMP Tue Aug 6 11:12:41 UTC 2019

/usr/bin/uname -p = unknown
/bin/uname -X     = unknown

/bin/arch              = unknown
/usr/bin/arch -k       = unknown
/usr/convex/getsysinfo = unknown
/usr/bin/hostinfo      = unknown
/bin/machine           = unknown
/usr/bin/oslevel       = unknown
/bin/universe          = unknown

PATH: /home/karima/anaconda3/bin
PATH: /usr/local/sbin
PATH: /usr/local/bin
PATH: /usr/sbin
PATH: /usr/bin
PATH: /sbin
PATH: /bin
PATH: /usr/games
PATH: /usr/local/games
PATH: /snap/bin
PATH: /home/karima/local/bin
PATH: /usr/lib/mono


## ----------- ##
## Core tests. ##
## ----------- ##

configure:2397: checking build system type
configure:2411: result: x86_64-pc-linux-gnu
configure:2496: checking for g++
configure:2512: found /usr/bin/g++
configure:2523: result: g++
configure:2550: checking for C++ compiler version
configure:2559: g++ --version >&5
g++ (Ubuntu 7.4.0-1ubuntu1~18.04.1) 7.4.0
Copyright (C) 2017 Free Software Foundation, Inc.
This is free software; see the source for copying conditions.  There is NO
warranty; not even for MERCHANTABILITY or FITNESS FOR A PARTICULAR PURPOSE.

configure:2570: $? = 0
configure:2559: g++ -v >&5
Using built-in specs.
COLLECT_GCC=g++
COLLECT_LTO_WRAPPER=/usr/lib/gcc/x86_64-linux-gnu/7/lto-wrapper
OFFLOAD_TARGET_NAMES=nvptx-none
OFFLOAD_TARGET_DEFAULT=1
Target: x86_64-linux-gnu
Configured with: ../src/configure -v --with-pkgversion='Ubuntu 7.4.0-1ubuntu1~18.04.1' --with-bugurl=file:///usr/share/doc/gcc-7/README.Bugs --enable-languages=c,ada,c++,go,brig,d,fortran,objc,obj-c++ --prefix=/usr --with-gcc-major-version-only --program-suffix=-7 --program-prefix=x86_64-linux-gnu- --enable-shared --enable-linker-build-id --libexecdir=/usr/lib --without-included-gettext --enable-threads=posix --libdir=/usr/lib --enable-nls --with-sysroot=/ --enable-clocale=gnu --enable-libstdcxx-debug --enable-libstdcxx-time=yes --with-default-libstdcxx-abi=new --enable-gnu-unique-object --disable-vtable-verify --enable-libmpx --enable-plugin --enable-default-pie --with-system-zlib --with-target-system-zlib --enable-objc-gc=auto --enable-multiarch --disable-werror --with-arch-32=i686 --with-abi=m64 --with-multilib-list=m32,m64,mx32 --enable-multilib --with-tune=generic --enable-offload-targets=nvptx-none --without-cuda-driver --enable-checking=release --build=x86_64-linux-gnu --host=x86_64-linux-gnu --target=x86_64-linux-gnu
Thread model: posix
gcc version 7.4.0 (Ubuntu 7.4.0-1ubuntu1~18.04.1) 
configure:2570: $? = 0
configure:2559: g++ -V >&5
g++: error: unrecognized command line option '-V'
g++: fatal error: no input files
compilation terminated.
configure:2570: $? = 1
configure:2559: g++ -qversion >&5
g++: error: unrecognized command line option '-qversion'; did you mean '--version'?
g++: fatal error: no input files
compilation terminated.
configure:2570: $? = 1
configure:2590: checking whether the C++ compiler works
configure:2612: g++ -Wall -Wno-long-long -pedantic -std=c++98    conftest.cpp  >&5
configure:2616: $? = 0
configure:2664: result: yes
configure:2667: checking for C++ compiler default output file name
configure:2669: result: a.out
configure:2675: checking for suffix of executables
configure:2682: g++ -o conftest -Wall -Wno-long-long -pedantic -std=c++98    conftest.cpp  >&5
configure:2686: $? = 0
configure:2708: result: 
configure:2730: checking whether we are cross compiling
configure:2738: g++ -o conftest -Wall -Wno-long-long -pedantic -std=c++98    conftest.cpp  >&5
configure:2742: $? = 0
configure:2749: ./conftest
configure:2753: $? = 0
configure:2768: result: no
configure:2773: checking for suffix of object files
configure:2795: g++ -c -Wall -Wno-long-long -pedantic -std=c++98   conftest.cpp >&5
configure:2799: $? = 0
configure:2820: result: o
configure:2824: checking whether we are using the GNU C++ compiler
configure:2843: g++ -c -Wall -Wno-long-long -pedantic -std=c++98   conftest.cpp >&5
configure:2843: $? = 0
configure:2852: result: yes
configure:2861: checking whether g++ accepts -g
configure:2881: g++ -c -g  conftest.cpp >&5
configure:2881: $? = 0
configure:2922: result: yes
configure:2950: checking how to run the C++ preprocessor
configure:2977: g++ -E  conftest.cpp
configure:2977: $? = 0
configure:2991: g++ -E  conftest.cpp
conftest.cpp:9:10: fatal error: ac_nonexistent.h: No such file or directory
 #include <ac_nonexistent.h>
          ^~~~~~~~~~~~~~~~~~
compilation terminated.
configure:2991: $? = 1
configure: failed program was:
| /* confdefs.h */
| #define PACKAGE_NAME "spatialindex"
| #define PACKAGE_TARNAME "spatialindex-src"
| #define PACKAGE_VERSION "1.8.4"
| #define PACKAGE_STRING "spatialindex 1.8.4"
| #define PACKAGE_BUGREPORT "mhadji@gmail.com"
| #define PACKAGE_URL ""
| /* end confdefs.h.  */
| #include <ac_nonexistent.h>
configure:3016: result: g++ -E
configure:3036: g++ -E  conftest.cpp
configure:3036: $? = 0
configure:3050: g++ -E  conftest.cpp
conftest.cpp:9:10: fatal error: ac_nonexistent.h: No such file or directory
 #include <ac_nonexistent.h>
          ^~~~~~~~~~~~~~~~~~
compilation terminated.
configure:3050: $? = 1
configure: failed program was:
| /* confdefs.h */
| #define PACKAGE_NAME "spatialindex"
| #define PACKAGE_TARNAME "spatialindex-src"
| #define PACKAGE_VERSION "1.8.4"
| #define PACKAGE_STRING "spatialindex 1.8.4"
| #define PACKAGE_BUGREPORT "mhadji@gmail.com"
| #define PACKAGE_URL ""
| /* end confdefs.h.  */
| #include <ac_nonexistent.h>
configure:3092: checking for a BSD-compatible install
configure:3160: result: /usr/bin/install -c
configure:3171: checking whether ln -s works
configure:3175: result: yes
configure:3182: checking whether make sets $(MAKE)
configure:3204: result: yes
configure:3238: checking host system type
configure:3251: result: x86_64-pc-linux-gnu
configure:3292: checking how to print strings
configure:3319: result: printf
configure:3391: checking for gcc
configure:3407: found /usr/bin/gcc
configure:3418: result: gcc
configure:3647: checking for C compiler version
configure:3656: gcc --version >&5
gcc (Ubuntu 7.4.0-1ubuntu1~18.04.1) 7.4.0
Copyright (C) 2017 Free Software Foundation, Inc.
This is free software; see the source for copying conditions.  There is NO
warranty; not even for MERCHANTABILITY or FITNESS FOR A PARTICULAR PURPOSE.

configure:3667: $? = 0
configure:3656: gcc -v >&5
Using built-in specs.
COLLECT_GCC=gcc
COLLECT_LTO_WRAPPER=/usr/lib/gcc/x86_64-linux-gnu/7/lto-wrapper
OFFLOAD_TARGET_NAMES=nvptx-none
OFFLOAD_TARGET_DEFAULT=1
Target: x86_64-linux-gnu
Configured with: ../src/configure -v --with-pkgversion='Ubuntu 7.4.0-1ubuntu1~18.04.1' --with-bugurl=file:///usr/share/doc/gcc-7/README.Bugs --enable-languages=c,ada,c++,go,brig,d,fortran,objc,obj-c++ --prefix=/usr --with-gcc-major-version-only --program-suffix=-7 --program-prefix=x86_64-linux-gnu- --enable-shared --enable-linker-build-id --libexecdir=/usr/lib --without-included-gettext --enable-threads=posix --libdir=/usr/lib --enable-nls --with-sysroot=/ --enable-clocale=gnu --enable-libstdcxx-debug --enable-libstdcxx-time=yes --with-default-libstdcxx-abi=new --enable-gnu-unique-object --disable-vtable-verify --enable-libmpx --enable-plugin --enable-default-pie --with-system-zlib --with-target-system-zlib --enable-objc-gc=auto --enable-multiarch --disable-werror --with-arch-32=i686 --with-abi=m64 --with-multilib-list=m32,m64,mx32 --enable-multilib --with-tune=generic --enable-offload-targets=nvptx-none --without-cuda-driver --enable-checking=release --build=x86_64-linux-gnu --host=x86_64-linux-gnu --target=x86_64-linux-gnu
Thread model: posix
gcc version 7.4.0 (Ubuntu 7.4.0-1ubuntu1~18.04.1) 
configure:3667: $? = 0
configure:3656: gcc -V >&5
gcc: error: unrecognized command line option '-V'
gcc: fatal error: no input files
compilation terminated.
configure:3667: $? = 1
configure:3656: gcc -qversion >&5
gcc: error: unrecognized command line option '-qversion'; did you mean '--version'?
gcc: fatal error: no input files
compilation terminated.
configure:3667: $? = 1
configure:3671: checking whether we are using the GNU C compiler
configure:3690: gcc -c -Wall -Wno-long-long -pedantic   conftest.c >&5
configure:3690: $? = 0
configure:3699: result: yes
configure:3708: checking whether gcc accepts -g
configure:3728: gcc -c -g  conftest.c >&5
configure:3728: $? = 0
configure:3769: result: yes
configure:3786: checking for gcc option to accept ISO C89
configure:3849: gcc  -c -Wall -Wno-long-long -pedantic   conftest.c >&5
configure:3849: $? = 0
configure:3862: result: none needed
configure:3887: checking whether gcc understands -c and -o together
configure:3909: gcc -c conftest.c -o conftest2.o
configure:3912: $? = 0
configure:3909: gcc -c conftest.c -o conftest2.o
configure:3912: $? = 0
configure:3924: result: yes
configure:3941: checking for a sed that does not truncate output
configure:4005: result: /bin/sed
configure:4023: checking for grep that handles long lines and -e
configure:4081: result: /bin/grep
configure:4086: checking for egrep
configure:4148: result: /bin/grep -E
configure:4153: checking for fgrep
configure:4215: result: /bin/grep -F
configure:4250: checking for ld used by gcc
configure:4317: result: /usr/bin/ld
configure:4324: checking if the linker (/usr/bin/ld) is GNU ld
configure:4339: result: yes
configure:4351: checking for BSD- or MS-compatible name lister (nm)
configure:4405: result: /usr/bin/nm -B
configure:4535: checking the name lister (/usr/bin/nm -B) interface
configure:4542: gcc -c -Wall -Wno-long-long -pedantic   conftest.c >&5
configure:4545: /usr/bin/nm -B "conftest.o"
configure:4548: output
0000000000000000 B some_variable
configure:4555: result: BSD nm
configure:4559: checking the maximum length of command line arguments
configure:4690: result: 1572864
configure:4738: checking how to convert x86_64-pc-linux-gnu file names to x86_64-pc-linux-gnu format
configure:4778: result: func_convert_file_noop
configure:4785: checking how to convert x86_64-pc-linux-gnu file names to toolchain format
configure:4805: result: func_convert_file_noop
configure:4812: checking for /usr/bin/ld option to reload object files
configure:4819: result: -r
configure:4893: checking for objdump
configure:4909: found /usr/bin/objdump
configure:4920: result: objdump
configure:4952: checking how to recognize dependent libraries
configure:5152: result: pass_all
configure:5237: checking for dlltool
configure:5267: result: no
configure:5297: checking how to associate runtime and link libraries
configure:5324: result: printf %s\n
configure:5385: checking for ar
configure:5401: found /usr/bin/ar
configure:5412: result: ar
configure:5449: checking for archiver @FILE support
configure:5466: gcc -c -Wall -Wno-long-long -pedantic   conftest.c >&5
configure:5466: $? = 0
configure:5469: ar cru libconftest.a @conftest.lst >&5
ar: `u' modifier ignored since `D' is the default (see `U')
configure:5472: $? = 0
configure:5477: ar cru libconftest.a @conftest.lst >&5
ar: `u' modifier ignored since `D' is the default (see `U')
ar: conftest.o: No such file or directory
configure:5480: $? = 1
configure:5492: result: @
configure:5550: checking for strip
configure:5566: found /usr/bin/strip
configure:5577: result: strip
configure:5649: checking for ranlib
configure:5665: found /usr/bin/ranlib
configure:5676: result: ranlib
configure:5753: checking for gawk
configure:5783: result: no
configure:5753: checking for mawk
configure:5769: found /usr/bin/mawk
configure:5780: result: mawk
configure:5820: checking command to parse /usr/bin/nm -B output from gcc object
configure:5973: gcc -c -Wall -Wno-long-long -pedantic   conftest.c >&5
configure:5976: $? = 0
configure:5980: /usr/bin/nm -B conftest.o \| sed -n -e 's/^.*[ ]\([ABCDGIRSTW][ABCDGIRSTW]*\)[ ][ ]*\([_A-Za-z][_A-Za-z0-9]*\)$/\1 \2 \2/p' | sed '/ __gnu_lto/d' \> conftest.nm
configure:5983: $? = 0
configure:6049: gcc -o conftest -Wall -Wno-long-long -pedantic    conftest.c conftstm.o >&5
conftest.c:29:20: warning: ISO C forbids conversion of function pointer to object pointer type [-Wpedantic]
   {"nm_test_func", (void *) &nm_test_func},
                    ^
configure:6052: $? = 0
configure:6090: result: ok
configure:6137: checking for sysroot
configure:6167: result: no
configure:6174: checking for a working dd
configure:6212: result: /bin/dd
configure:6216: checking how to truncate binary pipes
configure:6231: result: /bin/dd bs=4096 count=1
configure:6367: gcc -c -Wall -Wno-long-long -pedantic   conftest.c >&5
configure:6370: $? = 0
configure:6560: checking for mt
configure:6576: found /bin/mt
configure:6587: result: mt
configure:6610: checking if mt is a manifest tool
configure:6616: mt '-?'
configure:6624: result: no
configure:7301: checking how to run the C preprocessor
configure:7332: gcc -E  conftest.c
configure:7332: $? = 0
configure:7346: gcc -E  conftest.c
conftest.c:9:10: fatal error: ac_nonexistent.h: No such file or directory
 #include <ac_nonexistent.h>
          ^~~~~~~~~~~~~~~~~~
compilation terminated.
configure:7346: $? = 1
configure: failed program was:
| /* confdefs.h */
| #define PACKAGE_NAME "spatialindex"
| #define PACKAGE_TARNAME "spatialindex-src"
| #define PACKAGE_VERSION "1.8.4"
| #define PACKAGE_STRING "spatialindex 1.8.4"
| #define PACKAGE_BUGREPORT "mhadji@gmail.com"
| #define PACKAGE_URL ""
| /* end confdefs.h.  */
| #include <ac_nonexistent.h>
configure:7371: result: gcc -E
configure:7391: gcc -E  conftest.c
configure:7391: $? = 0
configure:7405: gcc -E  conftest.c
conftest.c:9:10: fatal error: ac_nonexistent.h: No such file or directory
 #include <ac_nonexistent.h>
          ^~~~~~~~~~~~~~~~~~
compilation terminated.
configure:7405: $? = 1
configure: failed program was:
| /* confdefs.h */
| #define PACKAGE_NAME "spatialindex"
| #define PACKAGE_TARNAME "spatialindex-src"
| #define PACKAGE_VERSION "1.8.4"
| #define PACKAGE_STRING "spatialindex 1.8.4"
| #define PACKAGE_BUGREPORT "mhadji@gmail.com"
| #define PACKAGE_URL ""
| /* end confdefs.h.  */
| #include <ac_nonexistent.h>
configure:7434: checking for ANSI C header files
configure:7454: gcc -c -Wall -Wno-long-long -pedantic   conftest.c >&5
configure:7454: $? = 0
configure:7527: gcc -o conftest -Wall -Wno-long-long -pedantic    conftest.c  >&5
configure:7527: $? = 0
configure:7527: ./conftest
configure:7527: $? = 0
configure:7538: result: yes
configure:7551: checking for sys/types.h
configure:7551: gcc -c -Wall -Wno-long-long -pedantic   conftest.c >&5
configure:7551: $? = 0
configure:7551: result: yes
configure:7551: checking for sys/stat.h
configure:7551: gcc -c -Wall -Wno-long-long -pedantic   conftest.c >&5
configure:7551: $? = 0
configure:7551: result: yes
configure:7551: checking for stdlib.h
configure:7551: gcc -c -Wall -Wno-long-long -pedantic   conftest.c >&5
configure:7551: $? = 0
configure:7551: result: yes
configure:7551: checking for string.h
configure:7551: gcc -c -Wall -Wno-long-long -pedantic   conftest.c >&5
configure:7551: $? = 0
configure:7551: result: yes
configure:7551: checking for memory.h
configure:7551: gcc -c -Wall -Wno-long-long -pedantic   conftest.c >&5
configure:7551: $? = 0
configure:7551: result: yes
configure:7551: checking for strings.h
configure:7551: gcc -c -Wall -Wno-long-long -pedantic   conftest.c >&5
configure:7551: $? = 0
configure:7551: result: yes
configure:7551: checking for inttypes.h
configure:7551: gcc -c -Wall -Wno-long-long -pedantic   conftest.c >&5
configure:7551: $? = 0
configure:7551: result: yes
configure:7551: checking for stdint.h
configure:7551: gcc -c -Wall -Wno-long-long -pedantic   conftest.c >&5
configure:7551: $? = 0
configure:7551: result: yes
configure:7551: checking for unistd.h
configure:7551: gcc -c -Wall -Wno-long-long -pedantic   conftest.c >&5
configure:7551: $? = 0
configure:7551: result: yes
configure:7565: checking for dlfcn.h
configure:7565: gcc -c -Wall -Wno-long-long -pedantic   conftest.c >&5
configure:7565: $? = 0
configure:7565: result: yes
configure:7832: checking for objdir
configure:7847: result: .libs
configure:8111: checking if gcc supports -fno-rtti -fno-exceptions
configure:8129: gcc -c -Wall -Wno-long-long -pedantic   -fno-rtti -fno-exceptions conftest.c >&5
cc1: warning: command line option '-fno-rtti' is valid for C++/ObjC++ but not for C
configure:8133: $? = 0
configure:8146: result: no
configure:8504: checking for gcc option to produce PIC
configure:8511: result: -fPIC -DPIC
configure:8519: checking if gcc PIC flag -fPIC -DPIC works
configure:8537: gcc -c -Wall -Wno-long-long -pedantic   -fPIC -DPIC -DPIC conftest.c >&5
configure:8541: $? = 0
configure:8554: result: yes
configure:8583: checking if gcc static flag -static works
configure:8611: result: yes
configure:8626: checking if gcc supports -c -o file.o
configure:8647: gcc -c -Wall -Wno-long-long -pedantic   -o out/conftest2.o conftest.c >&5
configure:8651: $? = 0
configure:8673: result: yes
configure:8681: checking if gcc supports -c -o file.o
configure:8728: result: yes
configure:8761: checking whether the gcc linker (/usr/bin/ld -m elf_x86_64) supports shared libraries
configure:10020: result: yes
configure:10057: checking whether -lc should be explicitly linked in
configure:10065: gcc -c -Wall -Wno-long-long -pedantic   conftest.c >&5
configure:10068: $? = 0
configure:10083: gcc -shared  -fPIC -DPIC conftest.o  -v -Wl,-soname -Wl,conftest -o conftest 2\>\&1 \| /bin/grep  -lc  \>/dev/null 2\>\&1
configure:10086: $? = 0
configure:10100: result: no
configure:10260: checking dynamic linker characteristics
configure:10841: gcc -o conftest -Wall -Wno-long-long -pedantic    -Wl,-rpath -Wl,/foo conftest.c  >&5
configure:10841: $? = 0
configure:11078: result: GNU/Linux ld.so
configure:11200: checking how to hardcode library paths into programs
configure:11225: result: immediate
configure:11773: checking whether stripping libraries is possible
configure:11778: result: yes
configure:11813: checking if libtool supports shared libraries
configure:11815: result: yes
configure:11818: checking whether to build shared libraries
configure:11843: result: yes
configure:11846: checking whether to build static libraries
configure:11850: result: yes
configure:11873: checking how to run the C++ preprocessor
configure:11939: result: g++ -E
configure:11959: g++ -E  conftest.cpp
configure:11959: $? = 0
configure:11973: g++ -E  conftest.cpp
conftest.cpp:21:10: fatal error: ac_nonexistent.h: No such file or directory
 #include <ac_nonexistent.h>
          ^~~~~~~~~~~~~~~~~~
compilation terminated.
configure:11973: $? = 1
configure: failed program was:
| /* confdefs.h */
| #define PACKAGE_NAME "spatialindex"
| #define PACKAGE_TARNAME "spatialindex-src"
| #define PACKAGE_VERSION "1.8.4"
| #define PACKAGE_STRING "spatialindex 1.8.4"
| #define PACKAGE_BUGREPORT "mhadji@gmail.com"
| #define PACKAGE_URL ""
| #define STDC_HEADERS 1
| #define HAVE_SYS_TYPES_H 1
| #define HAVE_SYS_STAT_H 1
| #define HAVE_STDLIB_H 1
| #define HAVE_STRING_H 1
| #define HAVE_MEMORY_H 1
| #define HAVE_STRINGS_H 1
| #define HAVE_INTTYPES_H 1
| #define HAVE_STDINT_H 1
| #define HAVE_UNISTD_H 1
| #define HAVE_DLFCN_H 1
| #define LT_OBJDIR ".libs/"
| /* end confdefs.h.  */
| #include <ac_nonexistent.h>
configure:12135: checking for ld used by g++
configure:12202: result: /usr/bin/ld -m elf_x86_64
configure:12209: checking if the linker (/usr/bin/ld -m elf_x86_64) is GNU ld
configure:12224: result: yes
configure:12279: checking whether the g++ linker (/usr/bin/ld -m elf_x86_64) supports shared libraries
configure:13352: result: yes
configure:13388: g++ -c -Wall -Wno-long-long -pedantic -std=c++98   conftest.cpp >&5
configure:13391: $? = 0
configure:13872: checking for g++ option to produce PIC
configure:13879: result: -fPIC -DPIC
configure:13887: checking if g++ PIC flag -fPIC -DPIC works
configure:13905: g++ -c -Wall -Wno-long-long -pedantic -std=c++98   -fPIC -DPIC -DPIC conftest.cpp >&5
configure:13909: $? = 0
configure:13922: result: yes
configure:13945: checking if g++ static flag -static works
configure:13973: result: yes
configure:13985: checking if g++ supports -c -o file.o
configure:14006: g++ -c -Wall -Wno-long-long -pedantic -std=c++98   -o out/conftest2.o conftest.cpp >&5
configure:14010: $? = 0
configure:14032: result: yes
configure:14037: checking if g++ supports -c -o file.o
configure:14084: result: yes
configure:14114: checking whether the g++ linker (/usr/bin/ld -m elf_x86_64) supports shared libraries
configure:14154: result: yes
configure:14295: checking dynamic linker characteristics
configure:15040: result: GNU/Linux ld.so
configure:15105: checking how to hardcode library paths into programs
configure:15130: result: immediate
configure:15194: checking whether build environment is sane
configure:15249: result: yes
configure:15397: checking for a thread-safe mkdir -p
configure:15436: result: /bin/mkdir -p
configure:15460: checking for style of include used by make
configure:15488: result: GNU
configure:15522: checking whether make supports nested variables
configure:15539: result: yes
configure:15624: checking dependency style of gcc
configure:15735: result: gcc3
configure:15752: checking dependency style of g++
configure:15863: result: gcc3
configure:15925: checking fcntl.h usability
configure:15925: gcc -c -Wall -Wno-long-long -pedantic   conftest.c >&5
configure:15925: $? = 0
configure:15925: result: yes
configure:15925: checking fcntl.h presence
configure:15925: gcc -E  conftest.c
configure:15925: $? = 0
configure:15925: result: yes
configure:15925: checking for fcntl.h
configure:15925: result: yes
configure:15939: checking for unistd.h
configure:15939: result: yes
configure:15953: checking for sys/types.h
configure:15953: result: yes
configure:15967: checking for sys/stat.h
configure:15967: result: yes
configure:15982: checking pthread.h usability
configure:15982: gcc -c -Wall -Wno-long-long -pedantic   conftest.c >&5
configure:15982: $? = 0
configure:15982: result: yes
configure:15982: checking pthread.h presence
configure:15982: gcc -E  conftest.c
configure:15982: $? = 0
configure:15982: result: yes
configure:15982: checking for pthread.h
configure:15982: result: yes
configure:15998: checking sys/resource.h usability
configure:15998: gcc -c -Wall -Wno-long-long -pedantic   conftest.c >&5
configure:15998: $? = 0
configure:15998: result: yes
configure:15998: checking sys/resource.h presence
configure:15998: gcc -E  conftest.c
configure:15998: $? = 0
configure:15998: result: yes
configure:15998: checking for sys/resource.h
configure:15998: result: yes
configure:16012: checking sys/time.h usability
configure:16012: gcc -c -Wall -Wno-long-long -pedantic   conftest.c >&5
configure:16012: $? = 0
configure:16012: result: yes
configure:16012: checking sys/time.h presence
configure:16012: gcc -E  conftest.c
configure:16012: $? = 0
configure:16012: result: yes
configure:16012: checking for sys/time.h
configure:16012: result: yes
configure:16026: checking for stdint.h
configure:16026: result: yes
configure:16040: checking features.h usability
configure:16040: gcc -c -Wall -Wno-long-long -pedantic   conftest.c >&5
configure:16040: $? = 0
configure:16040: result: yes
configure:16040: checking features.h presence
configure:16040: gcc -E  conftest.c
configure:16040: $? = 0
configure:16040: result: yes
configure:16040: checking for features.h
configure:16040: result: yes
configure:16069: result: checking wether debug information is enabled... no
configure:16077: checking for gettimeofday
configure:16077: gcc -o conftest -Wall -Wno-long-long -pedantic    conftest.c  -lpthread >&5
configure:16077: $? = 0
configure:16077: result: yes
configure:16077: checking for memset
configure:16077: gcc -o conftest -Wall -Wno-long-long -pedantic    conftest.c  -lpthread >&5
conftest.c:56:6: warning: conflicting types for built-in function 'memset' [-Wbuiltin-declaration-mismatch]
 char memset ();
      ^~~~~~
configure:16077: $? = 0
configure:16077: result: yes
configure:16077: checking for memcpy
configure:16077: gcc -o conftest -Wall -Wno-long-long -pedantic    conftest.c  -lpthread >&5
conftest.c:57:6: warning: conflicting types for built-in function 'memcpy' [-Wbuiltin-declaration-mismatch]
 char memcpy ();
      ^~~~~~
configure:16077: $? = 0
configure:16077: result: yes
configure:16077: checking for bcopy
configure:16077: gcc -o conftest -Wall -Wno-long-long -pedantic    conftest.c  -lpthread >&5
conftest.c:58:6: warning: conflicting types for built-in function 'bcopy' [-Wbuiltin-declaration-mismatch]
 char bcopy ();
      ^~~~~
configure:16077: $? = 0
configure:16077: result: yes
configure:16077: checking for srand48
configure:16077: gcc -o conftest -Wall -Wno-long-long -pedantic    conftest.c  -lpthread >&5
configure:16077: $? = 0
configure:16077: result: yes
configure:16244: checking that generated files are newer than configure
configure:16250: result: done
configure:16281: creating ./config.status

## ---------------------- ##
## Running config.status. ##
## ---------------------- ##

This file was extended by spatialindex config.status 1.8.4, which was
generated by GNU Autoconf 2.69.  Invocation command line was

  CONFIG_FILES    = 
  CONFIG_HEADERS  = 
  CONFIG_LINKS    = 
  CONFIG_COMMANDS = 
  $ ./config.status 

on IFNILINK

config.status:1083: creating Makefile
config.status:1083: creating include/Makefile
config.status:1083: creating src/Makefile
config.status:1083: creating src/libspatialindex.pc
config.status:1083: creating src/capi/Makefile
config.status:1083: creating src/spatialindex/Makefile
config.status:1083: creating src/storagemanager/Makefile
config.status:1083: creating src/rtree/Makefile
config.status:1083: creating src/tools/Makefile
config.status:1083: creating test/Makefile
config.status:1083: creating test/rtree/Makefile
config.status:1255: executing libtool commands
config.status:1255: executing depfiles commands

## ---------------- ##
## Cache variables. ##
## ---------------- ##

ac_cv_build=x86_64-pc-linux-gnu
ac_cv_c_compiler_gnu=yes
ac_cv_cxx_compiler_gnu=yes
ac_cv_env_CCC_set=
ac_cv_env_CCC_value=
ac_cv_env_CC_set=
ac_cv_env_CC_value=
ac_cv_env_CFLAGS_set=
ac_cv_env_CFLAGS_value=
ac_cv_env_CPPFLAGS_set=
ac_cv_env_CPPFLAGS_value=
ac_cv_env_CPP_set=
ac_cv_env_CPP_value=
ac_cv_env_CXXCPP_set=
ac_cv_env_CXXCPP_value=
ac_cv_env_CXXFLAGS_set=
ac_cv_env_CXXFLAGS_value=
ac_cv_env_CXX_set=
ac_cv_env_CXX_value=
ac_cv_env_LDFLAGS_set=
ac_cv_env_LDFLAGS_value=
ac_cv_env_LIBS_set=
ac_cv_env_LIBS_value=
ac_cv_env_LT_SYS_LIBRARY_PATH_set=
ac_cv_env_LT_SYS_LIBRARY_PATH_value=
ac_cv_env_build_alias_set=
ac_cv_env_build_alias_value=
ac_cv_env_host_alias_set=
ac_cv_env_host_alias_value=
ac_cv_env_target_alias_set=
ac_cv_env_target_alias_value=
ac_cv_func_bcopy=yes
ac_cv_func_gettimeofday=yes
ac_cv_func_memcpy=yes
ac_cv_func_memset=yes
ac_cv_func_srand48=yes
ac_cv_header_dlfcn_h=yes
ac_cv_header_fcntl_h=yes
ac_cv_header_features_h=yes
ac_cv_header_inttypes_h=yes
ac_cv_header_memory_h=yes
ac_cv_header_pthread_h=yes
ac_cv_header_stdc=yes
ac_cv_header_stdint_h=yes
ac_cv_header_stdlib_h=yes
ac_cv_header_string_h=yes
ac_cv_header_strings_h=yes
ac_cv_header_sys_resource_h=yes
ac_cv_header_sys_stat_h=yes
ac_cv_header_sys_time_h=yes
ac_cv_header_sys_types_h=yes
ac_cv_header_unistd_h=yes
ac_cv_host=x86_64-pc-linux-gnu
ac_cv_objext=o
ac_cv_path_EGREP='/bin/grep -E'
ac_cv_path_FGREP='/bin/grep -F'
ac_cv_path_GREP=/bin/grep
ac_cv_path_SED=/bin/sed
ac_cv_path_install='/usr/bin/install -c'
ac_cv_path_lt_DD=/bin/dd
ac_cv_path_mkdir=/bin/mkdir
ac_cv_prog_AWK=mawk
ac_cv_prog_CPP='gcc -E'
ac_cv_prog_CXXCPP='g++ -E'
ac_cv_prog_ac_ct_AR=ar
ac_cv_prog_ac_ct_CC=gcc
ac_cv_prog_ac_ct_CXX=g++
ac_cv_prog_ac_ct_MANIFEST_TOOL=mt
ac_cv_prog_ac_ct_OBJDUMP=objdump
ac_cv_prog_ac_ct_RANLIB=ranlib
ac_cv_prog_ac_ct_STRIP=strip
ac_cv_prog_cc_c89=
ac_cv_prog_cc_g=yes
ac_cv_prog_cxx_g=yes
ac_cv_prog_make_make_set=yes
am_cv_CC_dependencies_compiler_type=gcc3
am_cv_CXX_dependencies_compiler_type=gcc3
am_cv_make_support_nested_variables=yes
am_cv_prog_cc_c_o=yes
lt_cv_ar_at_file=@
lt_cv_archive_cmds_need_lc=no
lt_cv_deplibs_check_method=pass_all
lt_cv_file_magic_cmd='$MAGIC_CMD'
lt_cv_file_magic_test_file=
lt_cv_ld_reload_flag=-r
lt_cv_nm_interface='BSD nm'
lt_cv_objdir=.libs
lt_cv_path_LD=/usr/bin/ld
lt_cv_path_LDCXX='/usr/bin/ld -m elf_x86_64'
lt_cv_path_NM='/usr/bin/nm -B'
lt_cv_path_mainfest_tool=no
lt_cv_prog_compiler_c_o=yes
lt_cv_prog_compiler_c_o_CXX=yes
lt_cv_prog_compiler_pic='-fPIC -DPIC'
lt_cv_prog_compiler_pic_CXX='-fPIC -DPIC'
lt_cv_prog_compiler_pic_works=yes
lt_cv_prog_compiler_pic_works_CXX=yes
lt_cv_prog_compiler_rtti_exceptions=no
lt_cv_prog_compiler_static_works=yes
lt_cv_prog_compiler_static_works_CXX=yes
lt_cv_prog_gnu_ld=yes
lt_cv_prog_gnu_ldcxx=yes
lt_cv_sharedlib_from_linklib_cmd='printf %s\n'
lt_cv_shlibpath_overrides_runpath=yes
lt_cv_sys_global_symbol_pipe='sed -n -e '\''s/^.*[	 ]\([ABCDGIRSTW][ABCDGIRSTW]*\)[	 ][	 ]*\([_A-Za-z][_A-Za-z0-9]*\)$/\1 \2 \2/p'\'' | sed '\''/ __gnu_lto/d'\'''
lt_cv_sys_global_symbol_to_c_name_address='sed -n -e '\''s/^: \(.*\) .*$/  {"\1", (void *) 0},/p'\'' -e '\''s/^[ABCDGIRSTW][ABCDGIRSTW]* .* \(.*\)$/  {"\1", (void *) \&\1},/p'\'''
lt_cv_sys_global_symbol_to_c_name_address_lib_prefix='sed -n -e '\''s/^: \(.*\) .*$/  {"\1", (void *) 0},/p'\'' -e '\''s/^[ABCDGIRSTW][ABCDGIRSTW]* .* \(lib.*\)$/  {"\1", (void *) \&\1},/p'\'' -e '\''s/^[ABCDGIRSTW][ABCDGIRSTW]* .* \(.*\)$/  {"lib\1", (void *) \&\1},/p'\'''
lt_cv_sys_global_symbol_to_cdecl='sed -n -e '\''s/^T .* \(.*\)$/extern int \1();/p'\'' -e '\''s/^[ABCDGIRSTW][ABCDGIRSTW]* .* \(.*\)$/extern char \1;/p'\'''
lt_cv_sys_global_symbol_to_import=
lt_cv_sys_max_cmd_len=1572864
lt_cv_to_host_file_cmd=func_convert_file_noop
lt_cv_to_tool_file_cmd=func_convert_file_noop
lt_cv_truncate_bin='/bin/dd bs=4096 count=1'

## ----------------- ##
## Output variables. ##
## ----------------- ##

ACLOCAL='${SHELL} /home/karima/Work/Research/Projects/lha/code/rtree-please-work/missing aclocal-1.15'
AMDEPBACKSLASH='\'
AMDEP_FALSE='#'
AMDEP_TRUE=''
AMTAR='$${TAR-tar}'
AM_BACKSLASH='\'
AM_DEFAULT_V='$(AM_DEFAULT_VERBOSITY)'
AM_DEFAULT_VERBOSITY='1'
AM_V='$(V)'
AR='ar'
AUTOCONF='${SHELL} /home/karima/Work/Research/Projects/lha/code/rtree-please-work/missing autoconf'
AUTOHEADER='${SHELL} /home/karima/Work/Research/Projects/lha/code/rtree-please-work/missing autoheader'
AUTOMAKE='${SHELL} /home/karima/Work/Research/Projects/lha/code/rtree-please-work/missing automake-1.15'
AWK='mawk'
CC='gcc'
CCDEPMODE='depmode=gcc3'
CFLAGS='-Wall -Wno-long-long -pedantic '
CPP='gcc -E'
CPPFLAGS=''
CXX='g++'
CXXCPP='g++ -E'
CXXDEPMODE='depmode=gcc3'
CXXFLAGS='-Wall -Wno-long-long -pedantic -std=c++98  -O2 -DNDEBUG'
CYGPATH_W='echo'
DEFS='-DPACKAGE_NAME=\"spatialindex\" -DPACKAGE_TARNAME=\"spatialindex-src\" -DPACKAGE_VERSION=\"1.8.4\" -DPACKAGE_STRING=\"spatialindex\ 1.8.4\" -DPACKAGE_BUGREPORT=\"mhadji@gmail.com\" -DPACKAGE_URL=\"\" -DSTDC_HEADERS=1 -DHAVE_SYS_TYPES_H=1 -DHAVE_SYS_STAT_H=1 -DHAVE_STDLIB_H=1 -DHAVE_STRING_H=1 -DHAVE_MEMORY_H=1 -DHAVE_STRINGS_H=1 -DHAVE_INTTYPES_H=1 -DHAVE_STDINT_H=1 -DHAVE_UNISTD_H=1 -DHAVE_DLFCN_H=1 -DLT_OBJDIR=\".libs/\" -DPACKAGE=\"spatialindex-src\" -DVERSION=\"1.8.4\" -DHAVE_FCNTL_H=1 -DHAVE_UNISTD_H=1 -DHAVE_SYS_TYPES_H=1 -DHAVE_SYS_STAT_H=1 -DHAVE_PTHREAD_H=1 -DHAVE_SYS_RESOURCE_H=1 -DHAVE_SYS_TIME_H=1 -DHAVE_STDINT_H=1 -DHAVE_FEATURES_H=1 -DHAVE_GETTIMEOFDAY=1 -DHAVE_MEMSET=1 -DHAVE_MEMCPY=1 -DHAVE_BCOPY=1 -DHAVE_SRAND48=1'
DEPDIR='.deps'
DLLTOOL='false'
DSYMUTIL=''
DUMPBIN=''
ECHO_C=''
ECHO_N='-n'
ECHO_T=''
EGREP='/bin/grep -E'
EXEEXT=''
FGREP='/bin/grep -F'
GREP='/bin/grep'
INSTALL_DATA='${INSTALL} -m 644'
INSTALL_PROGRAM='${INSTALL}'
INSTALL_SCRIPT='${INSTALL}'
INSTALL_STRIP_PROGRAM='$(install_sh) -c -s'
LD='/usr/bin/ld -m elf_x86_64'
LDFLAGS=''
LIBOBJS=''
LIBS=' -lpthread'
LIBTOOL='$(SHELL) $(top_builddir)/libtool'
LIPO=''
LN_S='ln -s'
LTLIBOBJS=''
LT_SYS_LIBRARY_PATH=''
MAKEINFO='${SHELL} /home/karima/Work/Research/Projects/lha/code/rtree-please-work/missing makeinfo'
MANIFEST_TOOL=':'
MKDIR_P='/bin/mkdir -p'
NM='/usr/bin/nm -B'
NMEDIT=''
OBJDUMP='objdump'
OBJEXT='o'
OTOOL64=''
OTOOL=''
PACKAGE='spatialindex-src'
PACKAGE_BUGREPORT='mhadji@gmail.com'
PACKAGE_NAME='spatialindex'
PACKAGE_STRING='spatialindex 1.8.4'
PACKAGE_TARNAME='spatialindex-src'
PACKAGE_URL=''
PACKAGE_VERSION='1.8.4'
PATH_SEPARATOR=':'
RAND_IS_CONFIG_FALSE=''
RAND_IS_CONFIG_TRUE='#'
RANLIB='ranlib'
SED='/bin/sed'
SET_MAKE=''
SHELL='/bin/bash'
STRIP='strip'
VERSION='1.8.4'
ac_ct_AR='ar'
ac_ct_CC='gcc'
ac_ct_CXX='g++'
ac_ct_DUMPBIN=''
am__EXEEXT_FALSE=''
am__EXEEXT_TRUE='#'
am__fastdepCC_FALSE='#'
am__fastdepCC_TRUE=''
am__fastdepCXX_FALSE='#'
am__fastdepCXX_TRUE=''
am__include='include'
am__isrc=''
am__leading_dot='.'
am__nodep='_no'
am__quote=''
am__tar='$${TAR-tar} chof - "$$tardir"'
am__untar='$${TAR-tar} xf -'
bindir='${exec_prefix}/bin'
build='x86_64-pc-linux-gnu'
build_alias=''
build_cpu='x86_64'
build_os='linux-gnu'
build_vendor='pc'
datadir='${datarootdir}'
datarootdir='${prefix}/share'
docdir='${datarootdir}/doc/${PACKAGE_TARNAME}'
dvidir='${docdir}'
exec_prefix='${prefix}'
host='x86_64-pc-linux-gnu'
host_alias=''
host_cpu='x86_64'
host_os='linux-gnu'
host_vendor='pc'
htmldir='${docdir}'
includedir='${prefix}/include'
infodir='${datarootdir}/info'
install_sh='${SHELL} /home/karima/Work/Research/Projects/lha/code/rtree-please-work/install-sh'
libdir='${exec_prefix}/lib'
libexecdir='${exec_prefix}/libexec'
localedir='${datarootdir}/locale'
localstatedir='${prefix}/var'
mandir='${datarootdir}/man'
mkdir_p='$(MKDIR_P)'
oldincludedir='/usr/include'
pdfdir='${docdir}'
prefix='/usr/local'
program_transform_name='s,x,x,'
psdir='${docdir}'
runstatedir='${localstatedir}/run'
sbindir='${exec_prefix}/sbin'
sharedstatedir='${prefix}/com'
sysconfdir='${prefix}/etc'
target_alias=''

## ----------- ##
## confdefs.h. ##
## ----------- ##

/* confdefs.h */
#define PACKAGE_NAME "spatialindex"
#define PACKAGE_TARNAME "spatialindex-src"
#define PACKAGE_VERSION "1.8.4"
#define PACKAGE_STRING "spatialindex 1.8.4"
#define PACKAGE_BUGREPORT "mhadji@gmail.com"
#define PACKAGE_URL ""
#define STDC_HEADERS 1
#define HAVE_SYS_TYPES_H 1
#define HAVE_SYS_STAT_H 1
#define HAVE_STDLIB_H 1
#define HAVE_STRING_H 1
#define HAVE_MEMORY_H 1
#define HAVE_STRINGS_H 1
#define HAVE_INTTYPES_H 1
#define HAVE_STDINT_H 1
#define HAVE_UNISTD_H 1
#define HAVE_DLFCN_H 1
#define LT_OBJDIR ".libs/"
#define PACKAGE "spatialindex-src"
#define VERSION "1.8.4"
#define HAVE_FCNTL_H 1
#define HAVE_UNISTD_H 1
#define HAVE_SYS_TYPES_H 1
#define HAVE_SYS_STAT_H 1
#define HAVE_PTHREAD_H 1
#define HAVE_SYS_RESOURCE_H 1
#define HAVE_SYS_TIME_H 1
#define HAVE_STDINT_H 1
#define HAVE_FEATURES_H 1
#define HAVE_GETTIMEOFDAY 1
#define HAVE_MEMSET 1
#define HAVE_MEMCPY 1
#define HAVE_BCOPY 1
#define HAVE_SRAND48 1

configure: exit 0
