This file contains any messages produced by compilers while
running configure, to aid debugging if configure makes a mistake.

It was created by DSTREE configure 2.0, which was
generated by GNU Autoconf 2.69.  Invocation command line was

  $ ./configure 

## --------- ##
## Platform. ##
## --------- ##

hostname = IFNILINK
uname -m = x86_64
uname -r = 4.15.0-58-generic
uname -s = Linux
uname -v = #64-Ubuntu SMP Tue Aug 6 11:12:41 UTC 2019

/usr/bin/uname -p = unknown
/bin/uname -X     = unknown

/bin/arch              = unknown
/usr/bin/arch -k       = unknown
/usr/convex/getsysinfo = unknown
/usr/bin/hostinfo      = unknown
/bin/machine           = unknown
/usr/bin/oslevel       = unknown
/bin/universe          = unknown

PATH: /home/karima/anaconda3/bin
PATH: /usr/local/sbin
PATH: /usr/local/bin
PATH: /usr/sbin
PATH: /usr/bin
PATH: /sbin
PATH: /bin
PATH: /usr/games
PATH: /usr/local/games
PATH: /snap/bin
PATH: /home/karima/local/bin
PATH: /usr/lib/mono


## ----------- ##
## Core tests. ##
## ----------- ##

configure:2101: checking for a BSD-compatible install
configure:2169: result: /usr/bin/install -c
configure:2180: checking whether build environment is sane
configure:2235: result: yes
configure:2386: checking for a thread-safe mkdir -p
configure:2425: result: /bin/mkdir -p
configure:2432: checking for gawk
configure:2462: result: no
configure:2432: checking for mawk
configure:2448: found /usr/bin/mawk
configure:2459: result: mawk
configure:2470: checking whether make sets $(MAKE)
configure:2492: result: yes
configure:2521: checking whether make supports nested variables
configure:2538: result: yes
configure:2705: checking for gcc
configure:2721: found /usr/bin/gcc
configure:2732: result: gcc
configure:2961: checking for C compiler version
configure:2970: gcc --version >&5
gcc (Ubuntu 7.4.0-1ubuntu1~18.04.1) 7.4.0
Copyright (C) 2017 Free Software Foundation, Inc.
This is free software; see the source for copying conditions.  There is NO
warranty; not even for MERCHANTABILITY or FITNESS FOR A PARTICULAR PURPOSE.

configure:2981: $? = 0
configure:2970: gcc -v >&5
Using built-in specs.
COLLECT_GCC=gcc
COLLECT_LTO_WRAPPER=/usr/lib/gcc/x86_64-linux-gnu/7/lto-wrapper
OFFLOAD_TARGET_NAMES=nvptx-none
OFFLOAD_TARGET_DEFAULT=1
Target: x86_64-linux-gnu
Configured with: ../src/configure -v --with-pkgversion='Ubuntu 7.4.0-1ubuntu1~18.04.1' --with-bugurl=file:///usr/share/doc/gcc-7/README.Bugs --enable-languages=c,ada,c++,go,brig,d,fortran,objc,obj-c++ --prefix=/usr --with-gcc-major-version-only --program-suffix=-7 --program-prefix=x86_64-linux-gnu- --enable-shared --enable-linker-build-id --libexecdir=/usr/lib --without-included-gettext --enable-threads=posix --libdir=/usr/lib --enable-nls --with-sysroot=/ --enable-clocale=gnu --enable-libstdcxx-debug --enable-libstdcxx-time=yes --with-default-libstdcxx-abi=new --enable-gnu-unique-object --disable-vtable-verify --enable-libmpx --enable-plugin --enable-default-pie --with-system-zlib --with-target-system-zlib --enable-objc-gc=auto --enable-multiarch --disable-werror --with-arch-32=i686 --with-abi=m64 --with-multilib-list=m32,m64,mx32 --enable-multilib --with-tune=generic --enable-offload-targets=nvptx-none --without-cuda-driver --enable-checking=release --build=x86_64-linux-gnu --host=x86_64-linux-gnu --target=x86_64-linux-gnu
Thread model: posix
gcc version 7.4.0 (Ubuntu 7.4.0-1ubuntu1~18.04.1) 
configure:2981: $? = 0
configure:2970: gcc -V >&5
gcc: error: unrecognized command line option '-V'
gcc: fatal error: no input files
compilation terminated.
configure:2981: $? = 1
configure:2970: gcc -qversion >&5
gcc: error: unrecognized command line option '-qversion'; did you mean '--version'?
gcc: fatal error: no input files
compilation terminated.
configure:2981: $? = 1
configure:3001: checking whether the C compiler works
configure:3023: gcc    conftest.c  >&5
configure:3027: $? = 0
configure:3075: result: yes
configure:3078: checking for C compiler default output file name
configure:3080: result: a.out
configure:3086: checking for suffix of executables
configure:3093: gcc -o conftest    conftest.c  >&5
configure:3097: $? = 0
configure:3119: result: 
configure:3141: checking whether we are cross compiling
configure:3149: gcc -o conftest    conftest.c  >&5
configure:3153: $? = 0
configure:3160: ./conftest
configure:3164: $? = 0
configure:3179: result: no
configure:3184: checking for suffix of object files
configure:3206: gcc -c   conftest.c >&5
configure:3210: $? = 0
configure:3231: result: o
configure:3235: checking whether we are using the GNU C compiler
configure:3254: gcc -c   conftest.c >&5
configure:3254: $? = 0
configure:3263: result: yes
configure:3272: checking whether gcc accepts -g
configure:3292: gcc -c -g  conftest.c >&5
configure:3292: $? = 0
configure:3333: result: yes
configure:3350: checking for gcc option to accept ISO C89
configure:3413: gcc  -c -g -O2  conftest.c >&5
configure:3413: $? = 0
configure:3426: result: none needed
configure:3451: checking whether gcc understands -c and -o together
configure:3473: gcc -c conftest.c -o conftest2.o
configure:3476: $? = 0
configure:3473: gcc -c conftest.c -o conftest2.o
configure:3476: $? = 0
configure:3488: result: yes
configure:3516: checking for style of include used by make
configure:3544: result: GNU
configure:3570: checking dependency style of gcc
configure:3681: result: gcc3
configure:3739: checking for ranlib
configure:3755: found /usr/bin/ranlib
configure:3766: result: ranlib
configure:3795: checking how to run the C preprocessor
configure:3826: gcc -E  conftest.c
configure:3826: $? = 0
configure:3840: gcc -E  conftest.c
conftest.c:9:10: fatal error: ac_nonexistent.h: No such file or directory
 #include <ac_nonexistent.h>
          ^~~~~~~~~~~~~~~~~~
compilation terminated.
configure:3840: $? = 1
configure: failed program was:
| /* confdefs.h */
| #define PACKAGE_NAME "DSTREE"
| #define PACKAGE_TARNAME "libdstree"
| #define PACKAGE_VERSION "2.0"
| #define PACKAGE_STRING "DSTREE 2.0"
| #define PACKAGE_BUGREPORT "karima.echihabi@ifnilink.com"
| #define PACKAGE_URL "http://"
| /* end confdefs.h.  */
| #include <ac_nonexistent.h>
configure:3865: result: gcc -E
configure:3885: gcc -E  conftest.c
configure:3885: $? = 0
configure:3899: gcc -E  conftest.c
conftest.c:9:10: fatal error: ac_nonexistent.h: No such file or directory
 #include <ac_nonexistent.h>
          ^~~~~~~~~~~~~~~~~~
compilation terminated.
configure:3899: $? = 1
configure: failed program was:
| /* confdefs.h */
| #define PACKAGE_NAME "DSTREE"
| #define PACKAGE_TARNAME "libdstree"
| #define PACKAGE_VERSION "2.0"
| #define PACKAGE_STRING "DSTREE 2.0"
| #define PACKAGE_BUGREPORT "karima.echihabi@ifnilink.com"
| #define PACKAGE_URL "http://"
| /* end confdefs.h.  */
| #include <ac_nonexistent.h>
configure:3928: checking for grep that handles long lines and -e
configure:3986: result: /bin/grep
configure:3991: checking for egrep
configure:4053: result: /bin/grep -E
configure:4058: checking for ANSI C header files
configure:4078: gcc -c -g -O2  conftest.c >&5
configure:4078: $? = 0
configure:4151: gcc -o conftest -g -O2   conftest.c  >&5
configure:4151: $? = 0
configure:4151: ./conftest
configure:4151: $? = 0
configure:4162: result: yes
configure:4175: checking for sys/types.h
configure:4175: gcc -c -g -O2  conftest.c >&5
configure:4175: $? = 0
configure:4175: result: yes
configure:4175: checking for sys/stat.h
configure:4175: gcc -c -g -O2  conftest.c >&5
configure:4175: $? = 0
configure:4175: result: yes
configure:4175: checking for stdlib.h
configure:4175: gcc -c -g -O2  conftest.c >&5
configure:4175: $? = 0
configure:4175: result: yes
configure:4175: checking for string.h
configure:4175: gcc -c -g -O2  conftest.c >&5
configure:4175: $? = 0
configure:4175: result: yes
configure:4175: checking for memory.h
configure:4175: gcc -c -g -O2  conftest.c >&5
configure:4175: $? = 0
configure:4175: result: yes
configure:4175: checking for strings.h
configure:4175: gcc -c -g -O2  conftest.c >&5
configure:4175: $? = 0
configure:4175: result: yes
configure:4175: checking for inttypes.h
configure:4175: gcc -c -g -O2  conftest.c >&5
configure:4175: $? = 0
configure:4175: result: yes
configure:4175: checking for stdint.h
configure:4175: gcc -c -g -O2  conftest.c >&5
configure:4175: $? = 0
configure:4175: result: yes
configure:4175: checking for unistd.h
configure:4175: gcc -c -g -O2  conftest.c >&5
configure:4175: $? = 0
configure:4175: result: yes
configure:4187: checking values.h usability
configure:4187: gcc -c -g -O2  conftest.c >&5
configure:4187: $? = 0
configure:4187: result: yes
configure:4187: checking values.h presence
configure:4187: gcc -E  conftest.c
configure:4187: $? = 0
configure:4187: result: yes
configure:4187: checking for values.h
configure:4187: result: yes
configure:4378: checking that generated files are newer than configure
configure:4384: result: done
configure:4407: creating ./config.status

## ---------------------- ##
## Running config.status. ##
## ---------------------- ##

This file was extended by DSTREE config.status 2.0, which was
generated by GNU Autoconf 2.69.  Invocation command line was

  CONFIG_FILES    = 
  CONFIG_HEADERS  = 
  CONFIG_LINKS    = 
  CONFIG_COMMANDS = 
  $ ./config.status 

on IFNILINK

config.status:856: creating Makefile
config.status:856: creating config.h
config.status:1037: config.h is unchanged
config.status:1085: executing depfiles commands

## ---------------- ##
## Cache variables. ##
## ---------------- ##

ac_cv_c_compiler_gnu=yes
ac_cv_env_CC_set=
ac_cv_env_CC_value=
ac_cv_env_CFLAGS_set=
ac_cv_env_CFLAGS_value=
ac_cv_env_CPPFLAGS_set=
ac_cv_env_CPPFLAGS_value=
ac_cv_env_CPP_set=
ac_cv_env_CPP_value=
ac_cv_env_LDFLAGS_set=
ac_cv_env_LDFLAGS_value=
ac_cv_env_LIBS_set=
ac_cv_env_LIBS_value=
ac_cv_env_build_alias_set=
ac_cv_env_build_alias_value=
ac_cv_env_host_alias_set=
ac_cv_env_host_alias_value=
ac_cv_env_target_alias_set=
ac_cv_env_target_alias_value=
ac_cv_header_inttypes_h=yes
ac_cv_header_memory_h=yes
ac_cv_header_stdc=yes
ac_cv_header_stdint_h=yes
ac_cv_header_stdlib_h=yes
ac_cv_header_string_h=yes
ac_cv_header_strings_h=yes
ac_cv_header_sys_stat_h=yes
ac_cv_header_sys_types_h=yes
ac_cv_header_unistd_h=yes
ac_cv_header_values_h=yes
ac_cv_objext=o
ac_cv_path_EGREP='/bin/grep -E'
ac_cv_path_GREP=/bin/grep
ac_cv_path_install='/usr/bin/install -c'
ac_cv_path_mkdir=/bin/mkdir
ac_cv_prog_AWK=mawk
ac_cv_prog_CPP='gcc -E'
ac_cv_prog_ac_ct_CC=gcc
ac_cv_prog_ac_ct_RANLIB=ranlib
ac_cv_prog_cc_c89=
ac_cv_prog_cc_g=yes
ac_cv_prog_make_make_set=yes
am_cv_CC_dependencies_compiler_type=gcc3
am_cv_make_support_nested_variables=yes
am_cv_prog_cc_c_o=yes

## ----------------- ##
## Output variables. ##
## ----------------- ##

ACLOCAL='${SHELL} /home/karima/Work/Research/Projects/lha/code/vaplus/missing aclocal-1.15'
AMDEPBACKSLASH='\'
AMDEP_FALSE='#'
AMDEP_TRUE=''
AMTAR='$${TAR-tar}'
AM_BACKSLASH='\'
AM_DEFAULT_V='$(AM_DEFAULT_VERBOSITY)'
AM_DEFAULT_VERBOSITY='1'
AM_V='$(V)'
AUTOCONF='${SHELL} /home/karima/Work/Research/Projects/lha/code/vaplus/missing autoconf'
AUTOHEADER='${SHELL} /home/karima/Work/Research/Projects/lha/code/vaplus/missing autoheader'
AUTOMAKE='${SHELL} /home/karima/Work/Research/Projects/lha/code/vaplus/missing automake-1.15'
AWK='mawk'
CC='gcc'
CCDEPMODE='depmode=gcc3'
CFLAGS='-g -O2'
CPP='gcc -E'
CPPFLAGS=''
CYGPATH_W='echo'
DEFS='-DHAVE_CONFIG_H'
DEPDIR='.deps'
ECHO_C=''
ECHO_N='-n'
ECHO_T=''
EGREP='/bin/grep -E'
EXEEXT=''
GREP='/bin/grep'
INSTALL_DATA='${INSTALL} -m 644'
INSTALL_PROGRAM='${INSTALL}'
INSTALL_SCRIPT='${INSTALL}'
INSTALL_STRIP_PROGRAM='$(install_sh) -c -s'
LDFLAGS=''
LIBOBJS=''
LIBS=''
LTLIBOBJS=''
MAKEINFO='${SHELL} /home/karima/Work/Research/Projects/lha/code/vaplus/missing makeinfo'
MKDIR_P='/bin/mkdir -p'
OBJEXT='o'
PACKAGE='libdstree'
PACKAGE_BUGREPORT='karima.echihabi@ifnilink.com'
PACKAGE_NAME='DSTREE'
PACKAGE_STRING='DSTREE 2.0'
PACKAGE_TARNAME='libdstree'
PACKAGE_URL='http://'
PACKAGE_VERSION='2.0'
PATH_SEPARATOR=':'
RANLIB='ranlib'
SET_MAKE=''
SHELL='/bin/bash'
STRIP=''
VERSION='2.0'
ac_ct_CC='gcc'
am__EXEEXT_FALSE=''
am__EXEEXT_TRUE='#'
am__fastdepCC_FALSE='#'
am__fastdepCC_TRUE=''
am__include='include'
am__isrc=''
am__leading_dot='.'
am__nodep='_no'
am__quote=''
am__tar='$${TAR-tar} chof - "$$tardir"'
am__untar='$${TAR-tar} xf -'
bindir='${exec_prefix}/bin'
build_alias=''
datadir='${datarootdir}'
datarootdir='${prefix}/share'
docdir='${datarootdir}/doc/${PACKAGE_TARNAME}'
dvidir='${docdir}'
exec_prefix='${prefix}'
host_alias=''
htmldir='${docdir}'
includedir='${prefix}/include'
infodir='${datarootdir}/info'
install_sh='${SHELL} /home/karima/Work/Research/Projects/lha/code/vaplus/install-sh'
libdir='${exec_prefix}/lib'
libexecdir='${exec_prefix}/libexec'
localedir='${datarootdir}/locale'
localstatedir='${prefix}/var'
mandir='${datarootdir}/man'
mkdir_p='$(MKDIR_P)'
oldincludedir='/usr/include'
pdfdir='${docdir}'
prefix='/usr/local'
program_transform_name='s,x,x,'
psdir='${docdir}'
runstatedir='${localstatedir}/run'
sbindir='${exec_prefix}/sbin'
sharedstatedir='${prefix}/com'
sysconfdir='${prefix}/etc'
target_alias=''

## ----------- ##
## confdefs.h. ##
## ----------- ##

/* confdefs.h */
#define PACKAGE_NAME "DSTREE"
#define PACKAGE_TARNAME "libdstree"
#define PACKAGE_VERSION "2.0"
#define PACKAGE_STRING "DSTREE 2.0"
#define PACKAGE_BUGREPORT "karima.echihabi@ifnilink.com"
#define PACKAGE_URL "http://"
#define STDC_HEADERS 1
#define HAVE_SYS_TYPES_H 1
#define HAVE_SYS_STAT_H 1
#define HAVE_STDLIB_H 1
#define HAVE_STRING_H 1
#define HAVE_MEMORY_H 1
#define HAVE_STRINGS_H 1
#define HAVE_INTTYPES_H 1
#define HAVE_STDINT_H 1
#define HAVE_UNISTD_H 1
#define VALUES /**/
#define BENCHMARK /**/
#define VERBOSE 0

configure: exit 0
